ARM GAS  C:\Users\Shaunak\AppData\Local\Temp\ccyucAkt.s 			page 1


   1              		.syntax unified
   2              		.cpu cortex-m3
   3              		.fpu softvfp
   4              		.eabi_attribute 20, 1
   5              		.eabi_attribute 21, 1
   6              		.eabi_attribute 23, 3
   7              		.eabi_attribute 24, 1
   8              		.eabi_attribute 25, 1
   9              		.eabi_attribute 26, 1
  10              		.eabi_attribute 30, 1
  11              		.eabi_attribute 34, 1
  12              		.eabi_attribute 18, 4
  13              		.thumb
  14              		.syntax unified
  15              		.file	"cymetadata.c"
  16              		.text
  17              	.Ltext0:
  18              		.cfi_sections	.debug_frame
  19              		.global	cy_metadata
  20              		.global	cy_meta_flashprotect
  21              		.global	cy_meta_wonvl
  22              		.global	cy_meta_custnvl
  23              		.global	cy_meta_configecc
  24              		.section	.cyconfigecc,"a",%progbits
  25              		.align	2
  26              		.type	cy_meta_configecc, %object
  27              		.size	cy_meta_configecc, 992
  28              	cy_meta_configecc:
  29 0000 02       		.byte	2
  30 0001 52       		.byte	82
  31 0002 00       		.byte	0
  32 0003 40       		.byte	64
  33 0004 01       		.byte	1
  34 0005 64       		.byte	100
  35 0006 00       		.byte	0
  36 0007 40       		.byte	64
  37 0008 02       		.byte	2
  38 0009 65       		.byte	101
  39 000a 00       		.byte	0
  40 000b 40       		.byte	64
  41 000c 01       		.byte	1
  42 000d 07       		.byte	7
  43 000e 01       		.byte	1
  44 000f 40       		.byte	64
  45 0010 52       		.byte	82
  46 0011 08       		.byte	8
  47 0012 01       		.byte	1
  48 0013 40       		.byte	64
  49 0014 34       		.byte	52
  50 0015 09       		.byte	9
  51 0016 01       		.byte	1
  52 0017 40       		.byte	64
  53 0018 4A       		.byte	74
  54 0019 18       		.byte	24
  55 001a 01       		.byte	1
  56 001b 40       		.byte	64
  57 001c 45       		.byte	69
ARM GAS  C:\Users\Shaunak\AppData\Local\Temp\ccyucAkt.s 			page 2


  58 001d 19       		.byte	25
  59 001e 01       		.byte	1
  60 001f 40       		.byte	64
  61 0020 4A       		.byte	74
  62 0021 1A       		.byte	26
  63 0022 01       		.byte	1
  64 0023 40       		.byte	64
  65 0024 47       		.byte	71
  66 0025 1B       		.byte	27
  67 0026 01       		.byte	1
  68 0027 40       		.byte	64
  69 0028 02       		.byte	2
  70 0029 40       		.byte	64
  71 002a 01       		.byte	1
  72 002b 40       		.byte	64
  73 002c 01       		.byte	1
  74 002d 41       		.byte	65
  75 002e 01       		.byte	1
  76 002f 40       		.byte	64
  77 0030 01       		.byte	1
  78 0031 42       		.byte	66
  79 0032 01       		.byte	1
  80 0033 40       		.byte	64
  81 0034 03       		.byte	3
  82 0035 43       		.byte	67
  83 0036 01       		.byte	1
  84 0037 40       		.byte	64
  85 0038 07       		.byte	7
  86 0039 4D       		.byte	77
  87 003a 01       		.byte	1
  88 003b 40       		.byte	64
  89 003c 04       		.byte	4
  90 003d 50       		.byte	80
  91 003e 01       		.byte	1
  92 003f 40       		.byte	64
  93 0040 01       		.byte	1
  94 0041 51       		.byte	81
  95 0042 01       		.byte	1
  96 0043 40       		.byte	64
  97 0044 61       		.byte	97
  98 0045 80       		.byte	-128
  99 0046 64       		.byte	100
 100 0047 40       		.byte	64
 101 0048 88       		.byte	-120
 102 0049 38       		.byte	56
 103 004a 88       		.byte	-120
 104 004b 72       		.byte	114
 105 004c 8A       		.byte	-118
 106 004d 0F       		.byte	15
 107 004e E6       		.byte	-26
 108 004f 02       		.byte	2
 109 0050 00       		.byte	0
 110 0051 03       		.byte	3
 111 0052 04       		.byte	4
 112 0053 0C       		.byte	12
 113 0054 08       		.byte	8
 114 0055 1F       		.byte	31
ARM GAS  C:\Users\Shaunak\AppData\Local\Temp\ccyucAkt.s 			page 3


 115 0056 09       		.byte	9
 116 0057 0F       		.byte	15
 117 0058 0C       		.byte	12
 118 0059 08       		.byte	8
 119 005a 11       		.byte	17
 120 005b 06       		.byte	6
 121 005c 13       		.byte	19
 122 005d 09       		.byte	9
 123 005e 14       		.byte	20
 124 005f 0C       		.byte	12
 125 0060 15       		.byte	21
 126 0061 09       		.byte	9
 127 0062 16       		.byte	22
 128 0063 13       		.byte	19
 129 0064 17       		.byte	23
 130 0065 06       		.byte	6
 131 0066 18       		.byte	24
 132 0067 04       		.byte	4
 133 0068 19       		.byte	25
 134 0069 06       		.byte	6
 135 006a 1C       		.byte	28
 136 006b 0F       		.byte	15
 137 006c 1E       		.byte	30
 138 006d 10       		.byte	16
 139 006e 1F       		.byte	31
 140 006f 01       		.byte	1
 141 0070 22       		.byte	34
 142 0071 13       		.byte	19
 143 0072 24       		.byte	36
 144 0073 01       		.byte	1
 145 0074 25       		.byte	37
 146 0075 02       		.byte	2
 147 0076 28       		.byte	40
 148 0077 13       		.byte	19
 149 0078 29       		.byte	41
 150 0079 07       		.byte	7
 151 007a 2A       		.byte	42
 152 007b 0C       		.byte	12
 153 007c 2B       		.byte	43
 154 007d 08       		.byte	8
 155 007e 2C       		.byte	44
 156 007f 02       		.byte	2
 157 0080 2D       		.byte	45
 158 0081 04       		.byte	4
 159 0082 33       		.byte	51
 160 0083 07       		.byte	7
 161 0084 34       		.byte	52
 162 0085 0F       		.byte	15
 163 0086 35       		.byte	53
 164 0087 08       		.byte	8
 165 0088 36       		.byte	54
 166 0089 1C       		.byte	28
 167 008a 39       		.byte	57
 168 008b 20       		.byte	32
 169 008c 3A       		.byte	58
 170 008d A8       		.byte	-88
 171 008e 54       		.byte	84
ARM GAS  C:\Users\Shaunak\AppData\Local\Temp\ccyucAkt.s 			page 4


 172 008f 18       		.byte	24
 173 0090 56       		.byte	86
 174 0091 04       		.byte	4
 175 0092 58       		.byte	88
 176 0093 04       		.byte	4
 177 0094 59       		.byte	89
 178 0095 04       		.byte	4
 179 0096 5B       		.byte	91
 180 0097 04       		.byte	4
 181 0098 5F       		.byte	95
 182 0099 01       		.byte	1
 183 009a 84       		.byte	-124
 184 009b 10       		.byte	16
 185 009c 86       		.byte	-122
 186 009d 40       		.byte	64
 187 009e 87       		.byte	-121
 188 009f 08       		.byte	8
 189 00a0 89       		.byte	-119
 190 00a1 01       		.byte	1
 191 00a2 8B       		.byte	-117
 192 00a3 06       		.byte	6
 193 00a4 8C       		.byte	-116
 194 00a5 0C       		.byte	12
 195 00a6 8D       		.byte	-115
 196 00a7 01       		.byte	1
 197 00a8 8E       		.byte	-114
 198 00a9 71       		.byte	113
 199 00aa 8F       		.byte	-113
 200 00ab 0E       		.byte	14
 201 00ac 94       		.byte	-108
 202 00ad 10       		.byte	16
 203 00ae 96       		.byte	-106
 204 00af AC       		.byte	-84
 205 00b0 97       		.byte	-105
 206 00b1 03       		.byte	3
 207 00b2 9A       		.byte	-102
 208 00b3 03       		.byte	3
 209 00b4 9B       		.byte	-101
 210 00b5 0C       		.byte	12
 211 00b6 9C       		.byte	-100
 212 00b7 DC       		.byte	-36
 213 00b8 9E       		.byte	-98
 214 00b9 22       		.byte	34
 215 00ba A0       		.byte	-96
 216 00bb 14       		.byte	20
 217 00bc A1       		.byte	-95
 218 00bd 0C       		.byte	12
 219 00be A3       		.byte	-93
 220 00bf 03       		.byte	3
 221 00c0 A4       		.byte	-92
 222 00c1 09       		.byte	9
 223 00c2 A6       		.byte	-90
 224 00c3 D0       		.byte	-48
 225 00c4 AA       		.byte	-86
 226 00c5 20       		.byte	32
 227 00c6 B0       		.byte	-80
 228 00c7 E0       		.byte	-32
ARM GAS  C:\Users\Shaunak\AppData\Local\Temp\ccyucAkt.s 			page 5


 229 00c8 B1       		.byte	-79
 230 00c9 0F       		.byte	15
 231 00ca B4       		.byte	-76
 232 00cb 1F       		.byte	31
 233 00cc BA       		.byte	-70
 234 00cd 02       		.byte	2
 235 00ce BB       		.byte	-69
 236 00cf 02       		.byte	2
 237 00d0 C0       		.byte	-64
 238 00d1 04       		.byte	4
 239 00d2 C5       		.byte	-59
 240 00d3 04       		.byte	4
 241 00d4 C9       		.byte	-55
 242 00d5 FF       		.byte	-1
 243 00d6 CA       		.byte	-54
 244 00d7 07       		.byte	7
 245 00d8 CB       		.byte	-53
 246 00d9 FF       		.byte	-1
 247 00da CC       		.byte	-52
 248 00db 40       		.byte	64
 249 00dc CD       		.byte	-51
 250 00dd 20       		.byte	32
 251 00de CE       		.byte	-50
 252 00df F0       		.byte	-16
 253 00e0 CF       		.byte	-49
 254 00e1 05       		.byte	5
 255 00e2 D0       		.byte	-48
 256 00e3 08       		.byte	8
 257 00e4 D8       		.byte	-40
 258 00e5 04       		.byte	4
 259 00e6 D9       		.byte	-39
 260 00e7 04       		.byte	4
 261 00e8 DA       		.byte	-38
 262 00e9 04       		.byte	4
 263 00ea DF       		.byte	-33
 264 00eb 01       		.byte	1
 265 00ec E0       		.byte	-32
 266 00ed 40       		.byte	64
 267 00ee E1       		.byte	-31
 268 00ef A8       		.byte	-88
 269 00f0 E2       		.byte	-30
 270 00f1 40       		.byte	64
 271 00f2 E3       		.byte	-29
 272 00f3 20       		.byte	32
 273 00f4 00       		.byte	0
 274 00f5 40       		.byte	64
 275 00f6 02       		.byte	2
 276 00f7 20       		.byte	32
 277 00f8 04       		.byte	4
 278 00f9 10       		.byte	16
 279 00fa 05       		.byte	5
 280 00fb 81       		.byte	-127
 281 00fc 07       		.byte	7
 282 00fd 20       		.byte	32
 283 00fe 08       		.byte	8
 284 00ff 40       		.byte	64
 285 0100 0A       		.byte	10
ARM GAS  C:\Users\Shaunak\AppData\Local\Temp\ccyucAkt.s 			page 6


 286 0101 06       		.byte	6
 287 0102 0B       		.byte	11
 288 0103 10       		.byte	16
 289 0104 0C       		.byte	12
 290 0105 20       		.byte	32
 291 0106 0D       		.byte	13
 292 0107 08       		.byte	8
 293 0108 0E       		.byte	14
 294 0109 12       		.byte	18
 295 010a 10       		.byte	16
 296 010b 98       		.byte	-104
 297 010c 14       		.byte	20
 298 010d A4       		.byte	-92
 299 010e 17       		.byte	23
 300 010f 40       		.byte	64
 301 0110 18       		.byte	24
 302 0111 40       		.byte	64
 303 0112 1A       		.byte	26
 304 0113 04       		.byte	4
 305 0114 1B       		.byte	27
 306 0115 10       		.byte	16
 307 0116 1C       		.byte	28
 308 0117 10       		.byte	16
 309 0118 1D       		.byte	29
 310 0119 14       		.byte	20
 311 011a 1E       		.byte	30
 312 011b 0A       		.byte	10
 313 011c 22       		.byte	34
 314 011d 01       		.byte	1
 315 011e 27       		.byte	39
 316 011f 18       		.byte	24
 317 0120 28       		.byte	40
 318 0121 40       		.byte	64
 319 0122 2C       		.byte	44
 320 0123 20       		.byte	32
 321 0124 2D       		.byte	45
 322 0125 80       		.byte	-128
 323 0126 2E       		.byte	46
 324 0127 10       		.byte	16
 325 0128 30       		.byte	48
 326 0129 18       		.byte	24
 327 012a 32       		.byte	50
 328 012b 10       		.byte	16
 329 012c 34       		.byte	52
 330 012d 84       		.byte	-124
 331 012e 36       		.byte	54
 332 012f 05       		.byte	5
 333 0130 37       		.byte	55
 334 0131 A0       		.byte	-96
 335 0132 38       		.byte	56
 336 0133 40       		.byte	64
 337 0134 3B       		.byte	59
 338 0135 14       		.byte	20
 339 0136 3C       		.byte	60
 340 0137 10       		.byte	16
 341 0138 42       		.byte	66
 342 0139 40       		.byte	64
ARM GAS  C:\Users\Shaunak\AppData\Local\Temp\ccyucAkt.s 			page 7


 343 013a 4A       		.byte	74
 344 013b 20       		.byte	32
 345 013c 4B       		.byte	75
 346 013d 04       		.byte	4
 347 013e 50       		.byte	80
 348 013f 08       		.byte	8
 349 0140 5F       		.byte	95
 350 0141 01       		.byte	1
 351 0142 64       		.byte	100
 352 0143 08       		.byte	8
 353 0144 66       		.byte	102
 354 0145 40       		.byte	64
 355 0146 67       		.byte	103
 356 0147 40       		.byte	64
 357 0148 87       		.byte	-121
 358 0149 40       		.byte	64
 359 014a C0       		.byte	-64
 360 014b F5       		.byte	-11
 361 014c C2       		.byte	-62
 362 014d E7       		.byte	-25
 363 014e C4       		.byte	-60
 364 014f FE       		.byte	-2
 365 0150 CA       		.byte	-54
 366 0151 71       		.byte	113
 367 0152 CC       		.byte	-52
 368 0153 F6       		.byte	-10
 369 0154 CE       		.byte	-50
 370 0155 2E       		.byte	46
 371 0156 D0       		.byte	-48
 372 0157 01       		.byte	1
 373 0158 D6       		.byte	-42
 374 0159 80       		.byte	-128
 375 015a D8       		.byte	-40
 376 015b B0       		.byte	-80
 377 015c 02       		.byte	2
 378 015d 03       		.byte	3
 379 015e 03       		.byte	3
 380 015f 02       		.byte	2
 381 0160 04       		.byte	4
 382 0161 1F       		.byte	31
 383 0162 05       		.byte	5
 384 0163 01       		.byte	1
 385 0164 08       		.byte	8
 386 0165 07       		.byte	7
 387 0166 09       		.byte	9
 388 0167 01       		.byte	1
 389 0168 0A       		.byte	10
 390 0169 18       		.byte	24
 391 016a 0C       		.byte	12
 392 016b 10       		.byte	16
 393 016c 0D       		.byte	13
 394 016d 01       		.byte	1
 395 016e 14       		.byte	20
 396 016f 1C       		.byte	28
 397 0170 16       		.byte	22
 398 0171 02       		.byte	2
 399 0172 17       		.byte	23
ARM GAS  C:\Users\Shaunak\AppData\Local\Temp\ccyucAkt.s 			page 8


 400 0173 02       		.byte	2
 401 0174 18       		.byte	24
 402 0175 08       		.byte	8
 403 0176 1B       		.byte	27
 404 0177 04       		.byte	4
 405 0178 1E       		.byte	30
 406 0179 04       		.byte	4
 407 017a 20       		.byte	32
 408 017b 1C       		.byte	28
 409 017c 22       		.byte	34
 410 017d 01       		.byte	1
 411 017e 24       		.byte	36
 412 017f 04       		.byte	4
 413 0180 26       		.byte	38
 414 0181 20       		.byte	32
 415 0182 28       		.byte	40
 416 0183 18       		.byte	24
 417 0184 2F       		.byte	47
 418 0185 04       		.byte	4
 419 0186 31       		.byte	49
 420 0187 01       		.byte	1
 421 0188 32       		.byte	50
 422 0189 1F       		.byte	31
 423 018a 33       		.byte	51
 424 018b 04       		.byte	4
 425 018c 35       		.byte	53
 426 018d 02       		.byte	2
 427 018e 36       		.byte	54
 428 018f 20       		.byte	32
 429 0190 3A       		.byte	58
 430 0191 08       		.byte	8
 431 0192 3F       		.byte	63
 432 0193 14       		.byte	20
 433 0194 56       		.byte	86
 434 0195 02       		.byte	2
 435 0196 57       		.byte	87
 436 0197 11       		.byte	17
 437 0198 58       		.byte	88
 438 0199 04       		.byte	4
 439 019a 59       		.byte	89
 440 019b 04       		.byte	4
 441 019c 5B       		.byte	91
 442 019d 04       		.byte	4
 443 019e 5F       		.byte	95
 444 019f 01       		.byte	1
 445 01a0 88       		.byte	-120
 446 01a1 03       		.byte	3
 447 01a2 89       		.byte	-119
 448 01a3 13       		.byte	19
 449 01a4 8B       		.byte	-117
 450 01a5 0C       		.byte	12
 451 01a6 8C       		.byte	-116
 452 01a7 03       		.byte	3
 453 01a8 8D       		.byte	-115
 454 01a9 13       		.byte	19
 455 01aa 8F       		.byte	-113
 456 01ab 04       		.byte	4
ARM GAS  C:\Users\Shaunak\AppData\Local\Temp\ccyucAkt.s 			page 9


 457 01ac 95       		.byte	-107
 458 01ad 20       		.byte	32
 459 01ae 97       		.byte	-105
 460 01af 05       		.byte	5
 461 01b0 9B       		.byte	-101
 462 01b1 08       		.byte	8
 463 01b2 9C       		.byte	-100
 464 01b3 02       		.byte	2
 465 01b4 A1       		.byte	-95
 466 01b5 0A       		.byte	10
 467 01b6 A3       		.byte	-93
 468 01b7 14       		.byte	20
 469 01b8 A9       		.byte	-87
 470 01b9 03       		.byte	3
 471 01ba AA       		.byte	-86
 472 01bb 01       		.byte	1
 473 01bc AB       		.byte	-85
 474 01bd 04       		.byte	4
 475 01be B0       		.byte	-80
 476 01bf 03       		.byte	3
 477 01c0 B3       		.byte	-77
 478 01c1 0F       		.byte	15
 479 01c2 B5       		.byte	-75
 480 01c3 30       		.byte	48
 481 01c4 B8       		.byte	-72
 482 01c5 02       		.byte	2
 483 01c6 B9       		.byte	-71
 484 01c7 20       		.byte	32
 485 01c8 BB       		.byte	-69
 486 01c9 08       		.byte	8
 487 01ca BE       		.byte	-66
 488 01cb 01       		.byte	1
 489 01cc C0       		.byte	-64
 490 01cd 36       		.byte	54
 491 01ce C1       		.byte	-63
 492 01cf 04       		.byte	4
 493 01d0 C5       		.byte	-59
 494 01d1 0E       		.byte	14
 495 01d2 C6       		.byte	-58
 496 01d3 CB       		.byte	-53
 497 01d4 C8       		.byte	-56
 498 01d5 0D       		.byte	13
 499 01d6 C9       		.byte	-55
 500 01d7 FF       		.byte	-1
 501 01d8 CA       		.byte	-54
 502 01d9 FF       		.byte	-1
 503 01da CB       		.byte	-53
 504 01db FF       		.byte	-1
 505 01dc CE       		.byte	-50
 506 01dd F0       		.byte	-16
 507 01de CF       		.byte	-49
 508 01df 44       		.byte	68
 509 01e0 D0       		.byte	-48
 510 01e1 0C       		.byte	12
 511 01e2 D8       		.byte	-40
 512 01e3 04       		.byte	4
 513 01e4 D9       		.byte	-39
ARM GAS  C:\Users\Shaunak\AppData\Local\Temp\ccyucAkt.s 			page 10


 514 01e5 04       		.byte	4
 515 01e6 DA       		.byte	-38
 516 01e7 04       		.byte	4
 517 01e8 DF       		.byte	-33
 518 01e9 01       		.byte	1
 519 01ea E6       		.byte	-26
 520 01eb C0       		.byte	-64
 521 01ec EA       		.byte	-22
 522 01ed 40       		.byte	64
 523 01ee EB       		.byte	-21
 524 01ef 02       		.byte	2
 525 01f0 00       		.byte	0
 526 01f1 50       		.byte	80
 527 01f2 05       		.byte	5
 528 01f3 94       		.byte	-108
 529 01f4 07       		.byte	7
 530 01f5 80       		.byte	-128
 531 01f6 08       		.byte	8
 532 01f7 40       		.byte	64
 533 01f8 0A       		.byte	10
 534 01f9 02       		.byte	2
 535 01fa 0C       		.byte	12
 536 01fb 20       		.byte	32
 537 01fc 0D       		.byte	13
 538 01fd 08       		.byte	8
 539 01fe 0E       		.byte	14
 540 01ff 01       		.byte	1
 541 0200 10       		.byte	16
 542 0201 08       		.byte	8
 543 0202 14       		.byte	20
 544 0203 20       		.byte	32
 545 0204 15       		.byte	21
 546 0205 01       		.byte	1
 547 0206 17       		.byte	23
 548 0207 20       		.byte	32
 549 0208 1A       		.byte	26
 550 0209 40       		.byte	64
 551 020a 1D       		.byte	29
 552 020b 08       		.byte	8
 553 020c 1E       		.byte	30
 554 020d 01       		.byte	1
 555 020e 20       		.byte	32
 556 020f 10       		.byte	16
 557 0210 22       		.byte	34
 558 0211 10       		.byte	16
 559 0212 23       		.byte	35
 560 0213 10       		.byte	16
 561 0214 26       		.byte	38
 562 0215 0A       		.byte	10
 563 0216 27       		.byte	39
 564 0217 84       		.byte	-124
 565 0218 28       		.byte	40
 566 0219 40       		.byte	64
 567 021a 2A       		.byte	42
 568 021b 10       		.byte	16
 569 021c 2F       		.byte	47
 570 021d 02       		.byte	2
ARM GAS  C:\Users\Shaunak\AppData\Local\Temp\ccyucAkt.s 			page 11


 571 021e 30       		.byte	48
 572 021f 08       		.byte	8
 573 0220 32       		.byte	50
 574 0221 10       		.byte	16
 575 0222 37       		.byte	55
 576 0223 18       		.byte	24
 577 0224 38       		.byte	56
 578 0225 50       		.byte	80
 579 0226 3D       		.byte	61
 580 0227 50       		.byte	80
 581 0228 3E       		.byte	62
 582 0229 04       		.byte	4
 583 022a 3F       		.byte	63
 584 022b 02       		.byte	2
 585 022c 40       		.byte	64
 586 022d 50       		.byte	80
 587 022e 48       		.byte	72
 588 022f 08       		.byte	8
 589 0230 4B       		.byte	75
 590 0231 04       		.byte	4
 591 0232 50       		.byte	80
 592 0233 80       		.byte	-128
 593 0234 52       		.byte	82
 594 0235 10       		.byte	16
 595 0236 58       		.byte	88
 596 0237 08       		.byte	8
 597 0238 5B       		.byte	91
 598 0239 04       		.byte	4
 599 023a 5D       		.byte	93
 600 023b 01       		.byte	1
 601 023c 5E       		.byte	94
 602 023d 22       		.byte	34
 603 023e 6D       		.byte	109
 604 023f 50       		.byte	80
 605 0240 6E       		.byte	110
 606 0241 0C       		.byte	12
 607 0242 74       		.byte	116
 608 0243 20       		.byte	32
 609 0244 75       		.byte	117
 610 0245 80       		.byte	-128
 611 0246 77       		.byte	119
 612 0247 20       		.byte	32
 613 0248 8A       		.byte	-118
 614 0249 48       		.byte	72
 615 024a 90       		.byte	-112
 616 024b 40       		.byte	64
 617 024c 92       		.byte	-110
 618 024d 02       		.byte	2
 619 024e 96       		.byte	-106
 620 024f 60       		.byte	96
 621 0250 97       		.byte	-105
 622 0251 11       		.byte	17
 623 0252 99       		.byte	-103
 624 0253 14       		.byte	20
 625 0254 9B       		.byte	-101
 626 0255 18       		.byte	24
 627 0256 9C       		.byte	-100
ARM GAS  C:\Users\Shaunak\AppData\Local\Temp\ccyucAkt.s 			page 12


 628 0257 28       		.byte	40
 629 0258 9D       		.byte	-99
 630 0259 81       		.byte	-127
 631 025a 9E       		.byte	-98
 632 025b 40       		.byte	64
 633 025c 9F       		.byte	-97
 634 025d E0       		.byte	-32
 635 025e A0       		.byte	-96
 636 025f 08       		.byte	8
 637 0260 A2       		.byte	-94
 638 0261 01       		.byte	1
 639 0262 A3       		.byte	-93
 640 0263 10       		.byte	16
 641 0264 A4       		.byte	-92
 642 0265 A0       		.byte	-96
 643 0266 A5       		.byte	-91
 644 0267 08       		.byte	8
 645 0268 C0       		.byte	-64
 646 0269 F3       		.byte	-13
 647 026a C2       		.byte	-62
 648 026b E1       		.byte	-31
 649 026c C4       		.byte	-60
 650 026d 72       		.byte	114
 651 026e CA       		.byte	-54
 652 026f 15       		.byte	21
 653 0270 CC       		.byte	-52
 654 0271 66       		.byte	102
 655 0272 CE       		.byte	-50
 656 0273 FC       		.byte	-4
 657 0274 D0       		.byte	-48
 658 0275 03       		.byte	3
 659 0276 D2       		.byte	-46
 660 0277 04       		.byte	4
 661 0278 D6       		.byte	-42
 662 0279 20       		.byte	32
 663 027a 05       		.byte	5
 664 027b 02       		.byte	2
 665 027c 08       		.byte	8
 666 027d 01       		.byte	1
 667 027e 0C       		.byte	12
 668 027f 01       		.byte	1
 669 0280 1E       		.byte	30
 670 0281 01       		.byte	1
 671 0282 25       		.byte	37
 672 0283 01       		.byte	1
 673 0284 26       		.byte	38
 674 0285 01       		.byte	1
 675 0286 2A       		.byte	42
 676 0287 01       		.byte	1
 677 0288 33       		.byte	51
 678 0289 02       		.byte	2
 679 028a 36       		.byte	54
 680 028b 01       		.byte	1
 681 028c 37       		.byte	55
 682 028d 01       		.byte	1
 683 028e 3E       		.byte	62
 684 028f 40       		.byte	64
ARM GAS  C:\Users\Shaunak\AppData\Local\Temp\ccyucAkt.s 			page 13


 685 0290 3F       		.byte	63
 686 0291 44       		.byte	68
 687 0292 54       		.byte	84
 688 0293 01       		.byte	1
 689 0294 58       		.byte	88
 690 0295 04       		.byte	4
 691 0296 59       		.byte	89
 692 0297 04       		.byte	4
 693 0298 5B       		.byte	91
 694 0299 04       		.byte	4
 695 029a 5F       		.byte	95
 696 029b 01       		.byte	1
 697 029c 80       		.byte	-128
 698 029d 01       		.byte	1
 699 029e 81       		.byte	-127
 700 029f 05       		.byte	5
 701 02a0 82       		.byte	-126
 702 02a1 0E       		.byte	14
 703 02a2 83       		.byte	-125
 704 02a3 02       		.byte	2
 705 02a4 84       		.byte	-124
 706 02a5 20       		.byte	32
 707 02a6 85       		.byte	-123
 708 02a7 03       		.byte	3
 709 02a8 88       		.byte	-120
 710 02a9 20       		.byte	32
 711 02aa 8C       		.byte	-116
 712 02ab 04       		.byte	4
 713 02ac 8E       		.byte	-114
 714 02ad 11       		.byte	17
 715 02ae 8F       		.byte	-113
 716 02af 0C       		.byte	12
 717 02b0 93       		.byte	-109
 718 02b1 0C       		.byte	12
 719 02b2 94       		.byte	-108
 720 02b3 20       		.byte	32
 721 02b4 97       		.byte	-105
 722 02b5 0C       		.byte	12
 723 02b6 98       		.byte	-104
 724 02b7 07       		.byte	7
 725 02b8 99       		.byte	-103
 726 02b9 0C       		.byte	12
 727 02ba 9C       		.byte	-100
 728 02bb 20       		.byte	32
 729 02bc 9D       		.byte	-99
 730 02bd 0A       		.byte	10
 731 02be 9F       		.byte	-97
 732 02bf 01       		.byte	1
 733 02c0 A5       		.byte	-91
 734 02c1 0C       		.byte	12
 735 02c2 A8       		.byte	-88
 736 02c3 07       		.byte	7
 737 02c4 A9       		.byte	-87
 738 02c5 03       		.byte	3
 739 02c6 AC       		.byte	-84
 740 02c7 02       		.byte	2
 741 02c8 AD       		.byte	-83
ARM GAS  C:\Users\Shaunak\AppData\Local\Temp\ccyucAkt.s 			page 14


 742 02c9 0C       		.byte	12
 743 02ca AE       		.byte	-82
 744 02cb 11       		.byte	17
 745 02cc B0       		.byte	-80
 746 02cd 07       		.byte	7
 747 02ce B1       		.byte	-79
 748 02cf 03       		.byte	3
 749 02d0 B2       		.byte	-78
 750 02d1 20       		.byte	32
 751 02d2 B3       		.byte	-77
 752 02d3 0C       		.byte	12
 753 02d4 B6       		.byte	-74
 754 02d5 18       		.byte	24
 755 02d6 BE       		.byte	-66
 756 02d7 44       		.byte	68
 757 02d8 C0       		.byte	-64
 758 02d9 35       		.byte	53
 759 02da C1       		.byte	-63
 760 02db 06       		.byte	6
 761 02dc C2       		.byte	-62
 762 02dd 02       		.byte	2
 763 02de C4       		.byte	-60
 764 02df 01       		.byte	1
 765 02e0 C5       		.byte	-59
 766 02e1 E0       		.byte	-32
 767 02e2 C7       		.byte	-57
 768 02e3 C0       		.byte	-64
 769 02e4 C8       		.byte	-56
 770 02e5 22       		.byte	34
 771 02e6 C9       		.byte	-55
 772 02e7 FF       		.byte	-1
 773 02e8 CA       		.byte	-54
 774 02e9 FF       		.byte	-1
 775 02ea CB       		.byte	-53
 776 02eb FF       		.byte	-1
 777 02ec CC       		.byte	-52
 778 02ed 62       		.byte	98
 779 02ee CD       		.byte	-51
 780 02ef A0       		.byte	-96
 781 02f0 CE       		.byte	-50
 782 02f1 F0       		.byte	-16
 783 02f2 CF       		.byte	-49
 784 02f3 41       		.byte	65
 785 02f4 D0       		.byte	-48
 786 02f5 0C       		.byte	12
 787 02f6 D8       		.byte	-40
 788 02f7 04       		.byte	4
 789 02f8 D9       		.byte	-39
 790 02f9 04       		.byte	4
 791 02fa DA       		.byte	-38
 792 02fb 04       		.byte	4
 793 02fc DF       		.byte	-33
 794 02fd 01       		.byte	1
 795 02fe E6       		.byte	-26
 796 02ff 40       		.byte	64
 797 0300 E7       		.byte	-25
 798 0301 02       		.byte	2
ARM GAS  C:\Users\Shaunak\AppData\Local\Temp\ccyucAkt.s 			page 15


 799 0302 E9       		.byte	-23
 800 0303 10       		.byte	16
 801 0304 EA       		.byte	-22
 802 0305 30       		.byte	48
 803 0306 EB       		.byte	-21
 804 0307 10       		.byte	16
 805 0308 ED       		.byte	-19
 806 0309 10       		.byte	16
 807 030a EE       		.byte	-18
 808 030b 10       		.byte	16
 809 030c EF       		.byte	-17
 810 030d 12       		.byte	18
 811 030e 00       		.byte	0
 812 030f 50       		.byte	80
 813 0310 04       		.byte	4
 814 0311 88       		.byte	-120
 815 0312 05       		.byte	5
 816 0313 1D       		.byte	29
 817 0314 07       		.byte	7
 818 0315 04       		.byte	4
 819 0316 0A       		.byte	10
 820 0317 02       		.byte	2
 821 0318 0C       		.byte	12
 822 0319 04       		.byte	4
 823 031a 0D       		.byte	13
 824 031b 08       		.byte	8
 825 031c 0E       		.byte	14
 826 031d 0A       		.byte	10
 827 031e 10       		.byte	16
 828 031f 18       		.byte	24
 829 0320 12       		.byte	18
 830 0321 10       		.byte	16
 831 0322 15       		.byte	21
 832 0323 50       		.byte	80
 833 0324 19       		.byte	25
 834 0325 80       		.byte	-128
 835 0326 1D       		.byte	29
 836 0327 81       		.byte	-127
 837 0328 1E       		.byte	30
 838 0329 60       		.byte	96
 839 032a 20       		.byte	32
 840 032b 01       		.byte	1
 841 032c 22       		.byte	34
 842 032d 04       		.byte	4
 843 032e 24       		.byte	36
 844 032f 80       		.byte	-128
 845 0330 27       		.byte	39
 846 0331 60       		.byte	96
 847 0332 2B       		.byte	43
 848 0333 10       		.byte	16
 849 0334 2D       		.byte	45
 850 0335 18       		.byte	24
 851 0336 2E       		.byte	46
 852 0337 40       		.byte	64
 853 0338 34       		.byte	52
 854 0339 04       		.byte	4
 855 033a 35       		.byte	53
ARM GAS  C:\Users\Shaunak\AppData\Local\Temp\ccyucAkt.s 			page 16


 856 033b 10       		.byte	16
 857 033c 36       		.byte	54
 858 033d 01       		.byte	1
 859 033e 37       		.byte	55
 860 033f 40       		.byte	64
 861 0340 3B       		.byte	59
 862 0341 04       		.byte	4
 863 0342 3E       		.byte	62
 864 0343 06       		.byte	6
 865 0344 3F       		.byte	63
 866 0345 80       		.byte	-128
 867 0346 45       		.byte	69
 868 0347 80       		.byte	-128
 869 0348 47       		.byte	71
 870 0349 14       		.byte	20
 871 034a 4C       		.byte	76
 872 034b 04       		.byte	4
 873 034c 4E       		.byte	78
 874 034d 02       		.byte	2
 875 034e 4F       		.byte	79
 876 034f 82       		.byte	-126
 877 0350 57       		.byte	87
 878 0351 02       		.byte	2
 879 0352 58       		.byte	88
 880 0353 11       		.byte	17
 881 0354 59       		.byte	89
 882 0355 80       		.byte	-128
 883 0356 5A       		.byte	90
 884 0357 08       		.byte	8
 885 0358 80       		.byte	-128
 886 0359 01       		.byte	1
 887 035a 84       		.byte	-124
 888 035b 01       		.byte	1
 889 035c 87       		.byte	-121
 890 035d 04       		.byte	4
 891 035e 8C       		.byte	-116
 892 035f 20       		.byte	32
 893 0360 8D       		.byte	-115
 894 0361 40       		.byte	64
 895 0362 8E       		.byte	-114
 896 0363 02       		.byte	2
 897 0364 8F       		.byte	-113
 898 0365 21       		.byte	33
 899 0366 90       		.byte	-112
 900 0367 50       		.byte	80
 901 0368 91       		.byte	-111
 902 0369 10       		.byte	16
 903 036a 92       		.byte	-110
 904 036b 06       		.byte	6
 905 036c 93       		.byte	-109
 906 036d 04       		.byte	4
 907 036e 97       		.byte	-105
 908 036f 01       		.byte	1
 909 0370 99       		.byte	-103
 910 0371 14       		.byte	20
 911 0372 9A       		.byte	-102
 912 0373 10       		.byte	16
ARM GAS  C:\Users\Shaunak\AppData\Local\Temp\ccyucAkt.s 			page 17


 913 0374 9B       		.byte	-101
 914 0375 10       		.byte	16
 915 0376 9C       		.byte	-100
 916 0377 20       		.byte	32
 917 0378 9D       		.byte	-99
 918 0379 01       		.byte	1
 919 037a 9F       		.byte	-97
 920 037b 40       		.byte	64
 921 037c A0       		.byte	-96
 922 037d 08       		.byte	8
 923 037e A1       		.byte	-95
 924 037f 08       		.byte	8
 925 0380 A2       		.byte	-94
 926 0381 07       		.byte	7
 927 0382 A3       		.byte	-93
 928 0383 10       		.byte	16
 929 0384 A6       		.byte	-90
 930 0385 10       		.byte	16
 931 0386 A7       		.byte	-89
 932 0387 03       		.byte	3
 933 0388 C0       		.byte	-64
 934 0389 F3       		.byte	-13
 935 038a C2       		.byte	-62
 936 038b E1       		.byte	-31
 937 038c C4       		.byte	-60
 938 038d C6       		.byte	-58
 939 038e CA       		.byte	-54
 940 038f 72       		.byte	114
 941 0390 CC       		.byte	-52
 942 0391 F0       		.byte	-16
 943 0392 CE       		.byte	-50
 944 0393 D2       		.byte	-46
 945 0394 D0       		.byte	-48
 946 0395 70       		.byte	112
 947 0396 D2       		.byte	-46
 948 0397 30       		.byte	48
 949 0398 D6       		.byte	-42
 950 0399 0F       		.byte	15
 951 039a E0       		.byte	-32
 952 039b 01       		.byte	1
 953 039c 32       		.byte	50
 954 039d 20       		.byte	32
 955 039e CC       		.byte	-52
 956 039f 10       		.byte	16
 957 03a0 A6       		.byte	-90
 958 03a1 20       		.byte	32
 959 03a2 A6       		.byte	-90
 960 03a3 20       		.byte	32
 961 03a4 86       		.byte	-122
 962 03a5 20       		.byte	32
 963 03a6 A6       		.byte	-90
 964 03a7 20       		.byte	32
 965 03a8 E6       		.byte	-26
 966 03a9 40       		.byte	64
 967 03aa 12       		.byte	18
 968 03ab 80       		.byte	-128
 969 03ac 71       		.byte	113
ARM GAS  C:\Users\Shaunak\AppData\Local\Temp\ccyucAkt.s 			page 18


 970 03ad 02       		.byte	2
 971 03ae 81       		.byte	-127
 972 03af 02       		.byte	2
 973 03b0 8E       		.byte	-114
 974 03b1 80       		.byte	-128
 975 03b2 C4       		.byte	-60
 976 03b3 08       		.byte	8
 977 03b4 DC       		.byte	-36
 978 03b5 01       		.byte	1
 979 03b6 E2       		.byte	-30
 980 03b7 02       		.byte	2
 981 03b8 00       		.byte	0
 982 03b9 01       		.byte	1
 983 03ba 0C       		.byte	12
 984 03bb 01       		.byte	1
 985 03bc 10       		.byte	16
 986 03bd 01       		.byte	1
 987 03be 1C       		.byte	28
 988 03bf 01       		.byte	1
 989 03c0 00       		.byte	0
 990 03c1 03       		.byte	3
 991 03c2 00       		.byte	0
 992 03c3 00       		.byte	0
 993 03c4 80       		.byte	-128
 994 03c5 00       		.byte	0
 995 03c6 40       		.byte	64
 996 03c7 80       		.byte	-128
 997 03c8 80       		.byte	-128
 998 03c9 00       		.byte	0
 999 03ca 80       		.byte	-128
 1000 03cb 00       		.byte	0
 1001 03cc 00       		.byte	0
 1002 03cd 00       		.byte	0
 1003 03ce 00       		.byte	0
 1004 03cf 00       		.byte	0
 1005 03d0 00       		.byte	0
 1006 03d1 0B       		.byte	11
 1007 03d2 0B       		.byte	11
 1008 03d3 00       		.byte	0
 1009 03d4 00       		.byte	0
 1010 03d5 00       		.byte	0
 1011 03d6 00       		.byte	0
 1012 03d7 00       		.byte	0
 1013 03d8 00       		.byte	0
 1014 03d9 02       		.byte	2
 1015 03da 02       		.byte	2
 1016 03db 00       		.byte	0
 1017 03dc 00       		.byte	0
 1018 03dd 00       		.byte	0
 1019 03de 00       		.byte	0
 1020 03df 00       		.byte	0
 1021              		.section	.cywolatch,"a",%progbits
 1022              		.align	2
 1023              		.type	cy_meta_wonvl, %object
 1024              		.size	cy_meta_wonvl, 4
 1025              	cy_meta_wonvl:
 1026 0000 BC       		.byte	-68
ARM GAS  C:\Users\Shaunak\AppData\Local\Temp\ccyucAkt.s 			page 19


 1027 0001 90       		.byte	-112
 1028 0002 AC       		.byte	-84
 1029 0003 AF       		.byte	-81
 1030              		.section	.cycustnvl,"a",%progbits
 1031              		.align	2
 1032              		.type	cy_meta_custnvl, %object
 1033              		.size	cy_meta_custnvl, 4
 1034              	cy_meta_custnvl:
 1035 0000 00       		.byte	0
 1036 0001 00       		.byte	0
 1037 0002 40       		.byte	64
 1038 0003 05       		.byte	5
 1039              		.section	.cymeta,"a",%progbits
 1040              		.align	2
 1041              		.type	cy_metadata, %object
 1042              		.size	cy_metadata, 12
 1043              	cy_metadata:
 1044 0000 00       		.byte	0
 1045 0001 01       		.byte	1
 1046 0002 2E       		.byte	46
 1047 0003 16       		.byte	22
 1048 0004 10       		.byte	16
 1049 0005 69       		.byte	105
 1050 0006 00       		.byte	0
 1051 0007 01       		.byte	1
 1052 0008 00       		.byte	0
 1053 0009 00       		.byte	0
 1054 000a 00       		.byte	0
 1055 000b 00       		.byte	0
 1056              		.section	.cyflashprotect,"a",%progbits
 1057              		.align	2
 1058              		.type	cy_meta_flashprotect, %object
 1059              		.size	cy_meta_flashprotect, 256
 1060              	cy_meta_flashprotect:
 1061 0000 00000000 		.space	256
 1061      00000000 
 1061      00000000 
 1061      00000000 
 1061      00000000 
 1062              		.text
 1063              	.Letext0:
 1064              		.file 1 "c:\\program files (x86)\\cypress\\psoc creator\\4.4\\psoc creator\\import\\gnu\\arm\\5.4.
 1065              		.file 2 "c:\\program files (x86)\\cypress\\psoc creator\\4.4\\psoc creator\\import\\gnu\\arm\\5.4.
 1066              		.file 3 "Generated_Source\\PSoC5\\cymetadata.c"
 1067              		.section	.debug_info,"",%progbits
 1068              	.Ldebug_info0:
 1069 0000 31010000 		.4byte	0x131
 1070 0004 0400     		.2byte	0x4
 1071 0006 00000000 		.4byte	.Ldebug_abbrev0
 1072 000a 04       		.byte	0x4
 1073 000b 01       		.uleb128 0x1
 1074 000c 24000000 		.4byte	.LASF17
 1075 0010 0C       		.byte	0xc
 1076 0011 AE010000 		.4byte	.LASF18
 1077 0015 69010000 		.4byte	.LASF19
 1078 0019 00000000 		.4byte	.Ldebug_line0
 1079 001d 02       		.uleb128 0x2
ARM GAS  C:\Users\Shaunak\AppData\Local\Temp\ccyucAkt.s 			page 20


 1080 001e 01       		.byte	0x1
 1081 001f 06       		.byte	0x6
 1082 0020 A2010000 		.4byte	.LASF0
 1083 0024 03       		.uleb128 0x3
 1084 0025 00000000 		.4byte	.LASF9
 1085 0029 01       		.byte	0x1
 1086 002a 1D       		.byte	0x1d
 1087 002b 2F000000 		.4byte	0x2f
 1088 002f 02       		.uleb128 0x2
 1089 0030 01       		.byte	0x1
 1090 0031 08       		.byte	0x8
 1091 0032 16000000 		.4byte	.LASF1
 1092 0036 02       		.uleb128 0x2
 1093 0037 02       		.byte	0x2
 1094 0038 05       		.byte	0x5
 1095 0039 5F010000 		.4byte	.LASF2
 1096 003d 02       		.uleb128 0x2
 1097 003e 02       		.byte	0x2
 1098 003f 07       		.byte	0x7
 1099 0040 C4000000 		.4byte	.LASF3
 1100 0044 02       		.uleb128 0x2
 1101 0045 04       		.byte	0x4
 1102 0046 05       		.byte	0x5
 1103 0047 99010000 		.4byte	.LASF4
 1104 004b 02       		.uleb128 0x2
 1105 004c 04       		.byte	0x4
 1106 004d 07       		.byte	0x7
 1107 004e B2000000 		.4byte	.LASF5
 1108 0052 02       		.uleb128 0x2
 1109 0053 08       		.byte	0x8
 1110 0054 05       		.byte	0x5
 1111 0055 51010000 		.4byte	.LASF6
 1112 0059 02       		.uleb128 0x2
 1113 005a 08       		.byte	0x8
 1114 005b 07       		.byte	0x7
 1115 005c 06010000 		.4byte	.LASF7
 1116 0060 04       		.uleb128 0x4
 1117 0061 04       		.byte	0x4
 1118 0062 05       		.byte	0x5
 1119 0063 696E7400 		.ascii	"int\000"
 1120 0067 02       		.uleb128 0x2
 1121 0068 04       		.byte	0x4
 1122 0069 07       		.byte	0x7
 1123 006a F9000000 		.4byte	.LASF8
 1124 006e 03       		.uleb128 0x3
 1125 006f 1D010000 		.4byte	.LASF10
 1126 0073 02       		.byte	0x2
 1127 0074 18       		.byte	0x18
 1128 0075 24000000 		.4byte	0x24
 1129 0079 05       		.uleb128 0x5
 1130 007a 91000000 		.4byte	0x91
 1131 007e 8A000000 		.4byte	0x8a
 1132 0082 06       		.uleb128 0x6
 1133 0083 8A000000 		.4byte	0x8a
 1134 0087 DF03     		.2byte	0x3df
 1135 0089 00       		.byte	0
 1136 008a 02       		.uleb128 0x2
ARM GAS  C:\Users\Shaunak\AppData\Local\Temp\ccyucAkt.s 			page 21


 1137 008b 04       		.byte	0x4
 1138 008c 07       		.byte	0x7
 1139 008d 48010000 		.4byte	.LASF11
 1140 0091 07       		.uleb128 0x7
 1141 0092 6E000000 		.4byte	0x6e
 1142 0096 08       		.uleb128 0x8
 1143 0097 E7000000 		.4byte	.LASF12
 1144 009b 03       		.byte	0x3
 1145 009c 1F       		.byte	0x1f
 1146 009d A7000000 		.4byte	0xa7
 1147 00a1 05       		.uleb128 0x5
 1148 00a2 03       		.byte	0x3
 1149 00a3 00000000 		.4byte	cy_meta_configecc
 1150 00a7 07       		.uleb128 0x7
 1151 00a8 79000000 		.4byte	0x79
 1152 00ac 05       		.uleb128 0x5
 1153 00ad 91000000 		.4byte	0x91
 1154 00b1 BC000000 		.4byte	0xbc
 1155 00b5 09       		.uleb128 0x9
 1156 00b6 8A000000 		.4byte	0x8a
 1157 00ba 03       		.byte	0x3
 1158 00bb 00       		.byte	0
 1159 00bc 08       		.uleb128 0x8
 1160 00bd D7000000 		.4byte	.LASF13
 1161 00c1 03       		.byte	0x3
 1162 00c2 A8       		.byte	0xa8
 1163 00c3 CD000000 		.4byte	0xcd
 1164 00c7 05       		.uleb128 0x5
 1165 00c8 03       		.byte	0x3
 1166 00c9 00000000 		.4byte	cy_meta_custnvl
 1167 00cd 07       		.uleb128 0x7
 1168 00ce AC000000 		.4byte	0xac
 1169 00d2 08       		.uleb128 0x8
 1170 00d3 3A010000 		.4byte	.LASF14
 1171 00d7 03       		.byte	0x3
 1172 00d8 B6       		.byte	0xb6
 1173 00d9 E3000000 		.4byte	0xe3
 1174 00dd 05       		.uleb128 0x5
 1175 00de 03       		.byte	0x3
 1176 00df 00000000 		.4byte	cy_meta_wonvl
 1177 00e3 07       		.uleb128 0x7
 1178 00e4 AC000000 		.4byte	0xac
 1179 00e8 05       		.uleb128 0x5
 1180 00e9 91000000 		.4byte	0x91
 1181 00ed F8000000 		.4byte	0xf8
 1182 00f1 09       		.uleb128 0x9
 1183 00f2 8A000000 		.4byte	0x8a
 1184 00f6 FF       		.byte	0xff
 1185 00f7 00       		.byte	0
 1186 00f8 08       		.uleb128 0x8
 1187 00f9 25010000 		.4byte	.LASF15
 1188 00fd 03       		.byte	0x3
 1189 00fe C4       		.byte	0xc4
 1190 00ff 09010000 		.4byte	0x109
 1191 0103 05       		.uleb128 0x5
 1192 0104 03       		.byte	0x3
 1193 0105 00000000 		.4byte	cy_meta_flashprotect
ARM GAS  C:\Users\Shaunak\AppData\Local\Temp\ccyucAkt.s 			page 22


 1194 0109 07       		.uleb128 0x7
 1195 010a E8000000 		.4byte	0xe8
 1196 010e 05       		.uleb128 0x5
 1197 010f 91000000 		.4byte	0x91
 1198 0113 1E010000 		.4byte	0x11e
 1199 0117 09       		.uleb128 0x9
 1200 0118 8A000000 		.4byte	0x8a
 1201 011c 0B       		.byte	0xb
 1202 011d 00       		.byte	0
 1203 011e 08       		.uleb128 0x8
 1204 011f 0A000000 		.4byte	.LASF16
 1205 0123 03       		.byte	0x3
 1206 0124 F1       		.byte	0xf1
 1207 0125 2F010000 		.4byte	0x12f
 1208 0129 05       		.uleb128 0x5
 1209 012a 03       		.byte	0x3
 1210 012b 00000000 		.4byte	cy_metadata
 1211 012f 07       		.uleb128 0x7
 1212 0130 0E010000 		.4byte	0x10e
 1213 0134 00       		.byte	0
 1214              		.section	.debug_abbrev,"",%progbits
 1215              	.Ldebug_abbrev0:
 1216 0000 01       		.uleb128 0x1
 1217 0001 11       		.uleb128 0x11
 1218 0002 01       		.byte	0x1
 1219 0003 25       		.uleb128 0x25
 1220 0004 0E       		.uleb128 0xe
 1221 0005 13       		.uleb128 0x13
 1222 0006 0B       		.uleb128 0xb
 1223 0007 03       		.uleb128 0x3
 1224 0008 0E       		.uleb128 0xe
 1225 0009 1B       		.uleb128 0x1b
 1226 000a 0E       		.uleb128 0xe
 1227 000b 10       		.uleb128 0x10
 1228 000c 17       		.uleb128 0x17
 1229 000d 00       		.byte	0
 1230 000e 00       		.byte	0
 1231 000f 02       		.uleb128 0x2
 1232 0010 24       		.uleb128 0x24
 1233 0011 00       		.byte	0
 1234 0012 0B       		.uleb128 0xb
 1235 0013 0B       		.uleb128 0xb
 1236 0014 3E       		.uleb128 0x3e
 1237 0015 0B       		.uleb128 0xb
 1238 0016 03       		.uleb128 0x3
 1239 0017 0E       		.uleb128 0xe
 1240 0018 00       		.byte	0
 1241 0019 00       		.byte	0
 1242 001a 03       		.uleb128 0x3
 1243 001b 16       		.uleb128 0x16
 1244 001c 00       		.byte	0
 1245 001d 03       		.uleb128 0x3
 1246 001e 0E       		.uleb128 0xe
 1247 001f 3A       		.uleb128 0x3a
 1248 0020 0B       		.uleb128 0xb
 1249 0021 3B       		.uleb128 0x3b
 1250 0022 0B       		.uleb128 0xb
ARM GAS  C:\Users\Shaunak\AppData\Local\Temp\ccyucAkt.s 			page 23


 1251 0023 49       		.uleb128 0x49
 1252 0024 13       		.uleb128 0x13
 1253 0025 00       		.byte	0
 1254 0026 00       		.byte	0
 1255 0027 04       		.uleb128 0x4
 1256 0028 24       		.uleb128 0x24
 1257 0029 00       		.byte	0
 1258 002a 0B       		.uleb128 0xb
 1259 002b 0B       		.uleb128 0xb
 1260 002c 3E       		.uleb128 0x3e
 1261 002d 0B       		.uleb128 0xb
 1262 002e 03       		.uleb128 0x3
 1263 002f 08       		.uleb128 0x8
 1264 0030 00       		.byte	0
 1265 0031 00       		.byte	0
 1266 0032 05       		.uleb128 0x5
 1267 0033 01       		.uleb128 0x1
 1268 0034 01       		.byte	0x1
 1269 0035 49       		.uleb128 0x49
 1270 0036 13       		.uleb128 0x13
 1271 0037 01       		.uleb128 0x1
 1272 0038 13       		.uleb128 0x13
 1273 0039 00       		.byte	0
 1274 003a 00       		.byte	0
 1275 003b 06       		.uleb128 0x6
 1276 003c 21       		.uleb128 0x21
 1277 003d 00       		.byte	0
 1278 003e 49       		.uleb128 0x49
 1279 003f 13       		.uleb128 0x13
 1280 0040 2F       		.uleb128 0x2f
 1281 0041 05       		.uleb128 0x5
 1282 0042 00       		.byte	0
 1283 0043 00       		.byte	0
 1284 0044 07       		.uleb128 0x7
 1285 0045 26       		.uleb128 0x26
 1286 0046 00       		.byte	0
 1287 0047 49       		.uleb128 0x49
 1288 0048 13       		.uleb128 0x13
 1289 0049 00       		.byte	0
 1290 004a 00       		.byte	0
 1291 004b 08       		.uleb128 0x8
 1292 004c 34       		.uleb128 0x34
 1293 004d 00       		.byte	0
 1294 004e 03       		.uleb128 0x3
 1295 004f 0E       		.uleb128 0xe
 1296 0050 3A       		.uleb128 0x3a
 1297 0051 0B       		.uleb128 0xb
 1298 0052 3B       		.uleb128 0x3b
 1299 0053 0B       		.uleb128 0xb
 1300 0054 49       		.uleb128 0x49
 1301 0055 13       		.uleb128 0x13
 1302 0056 3F       		.uleb128 0x3f
 1303 0057 19       		.uleb128 0x19
 1304 0058 02       		.uleb128 0x2
 1305 0059 18       		.uleb128 0x18
 1306 005a 00       		.byte	0
 1307 005b 00       		.byte	0
ARM GAS  C:\Users\Shaunak\AppData\Local\Temp\ccyucAkt.s 			page 24


 1308 005c 09       		.uleb128 0x9
 1309 005d 21       		.uleb128 0x21
 1310 005e 00       		.byte	0
 1311 005f 49       		.uleb128 0x49
 1312 0060 13       		.uleb128 0x13
 1313 0061 2F       		.uleb128 0x2f
 1314 0062 0B       		.uleb128 0xb
 1315 0063 00       		.byte	0
 1316 0064 00       		.byte	0
 1317 0065 00       		.byte	0
 1318              		.section	.debug_aranges,"",%progbits
 1319 0000 14000000 		.4byte	0x14
 1320 0004 0200     		.2byte	0x2
 1321 0006 00000000 		.4byte	.Ldebug_info0
 1322 000a 04       		.byte	0x4
 1323 000b 00       		.byte	0
 1324 000c 0000     		.2byte	0
 1325 000e 0000     		.2byte	0
 1326 0010 00000000 		.4byte	0
 1327 0014 00000000 		.4byte	0
 1328              		.section	.debug_line,"",%progbits
 1329              	.Ldebug_line0:
 1330 0000 3D010000 		.section	.debug_str,"MS",%progbits,1
 1330      02003701 
 1330      00000201 
 1330      FB0E0D00 
 1330      01010101 
 1331              	.LASF9:
 1332 0000 5F5F7569 		.ascii	"__uint8_t\000"
 1332      6E74385F 
 1332      7400
 1333              	.LASF16:
 1334 000a 63795F6D 		.ascii	"cy_metadata\000"
 1334      65746164 
 1334      61746100 
 1335              	.LASF1:
 1336 0016 756E7369 		.ascii	"unsigned char\000"
 1336      676E6564 
 1336      20636861 
 1336      7200
 1337              	.LASF17:
 1338 0024 474E5520 		.ascii	"GNU C11 5.4.1 20160609 (release) [ARM/embedded-5-br"
 1338      43313120 
 1338      352E342E 
 1338      31203230 
 1338      31363036 
 1339 0057 616E6368 		.ascii	"anch revision 237715] -mcpu=cortex-m3 -mthumb -g -O"
 1339      20726576 
 1339      6973696F 
 1339      6E203233 
 1339      37373135 
 1340 008a 67202D66 		.ascii	"g -ffunction-sections -ffat-lto-objects\000"
 1340      66756E63 
 1340      74696F6E 
 1340      2D736563 
 1340      74696F6E 
 1341              	.LASF5:
ARM GAS  C:\Users\Shaunak\AppData\Local\Temp\ccyucAkt.s 			page 25


 1342 00b2 6C6F6E67 		.ascii	"long unsigned int\000"
 1342      20756E73 
 1342      69676E65 
 1342      6420696E 
 1342      7400
 1343              	.LASF3:
 1344 00c4 73686F72 		.ascii	"short unsigned int\000"
 1344      7420756E 
 1344      7369676E 
 1344      65642069 
 1344      6E7400
 1345              	.LASF13:
 1346 00d7 63795F6D 		.ascii	"cy_meta_custnvl\000"
 1346      6574615F 
 1346      63757374 
 1346      6E766C00 
 1347              	.LASF12:
 1348 00e7 63795F6D 		.ascii	"cy_meta_configecc\000"
 1348      6574615F 
 1348      636F6E66 
 1348      69676563 
 1348      6300
 1349              	.LASF8:
 1350 00f9 756E7369 		.ascii	"unsigned int\000"
 1350      676E6564 
 1350      20696E74 
 1350      00
 1351              	.LASF7:
 1352 0106 6C6F6E67 		.ascii	"long long unsigned int\000"
 1352      206C6F6E 
 1352      6720756E 
 1352      7369676E 
 1352      65642069 
 1353              	.LASF10:
 1354 011d 75696E74 		.ascii	"uint8_t\000"
 1354      385F7400 
 1355              	.LASF15:
 1356 0125 63795F6D 		.ascii	"cy_meta_flashprotect\000"
 1356      6574615F 
 1356      666C6173 
 1356      6870726F 
 1356      74656374 
 1357              	.LASF14:
 1358 013a 63795F6D 		.ascii	"cy_meta_wonvl\000"
 1358      6574615F 
 1358      776F6E76 
 1358      6C00
 1359              	.LASF11:
 1360 0148 73697A65 		.ascii	"sizetype\000"
 1360      74797065 
 1360      00
 1361              	.LASF6:
 1362 0151 6C6F6E67 		.ascii	"long long int\000"
 1362      206C6F6E 
 1362      6720696E 
 1362      7400
 1363              	.LASF2:
ARM GAS  C:\Users\Shaunak\AppData\Local\Temp\ccyucAkt.s 			page 26


 1364 015f 73686F72 		.ascii	"short int\000"
 1364      7420696E 
 1364      7400
 1365              	.LASF19:
 1366 0169 453A5C74 		.ascii	"E:\\temp\\Modbus_RTU_vP5_0\\Modbus_RTU_vP5_0.cydsn\000"
 1366      656D705C 
 1366      4D6F6462 
 1366      75735F52 
 1366      54555F76 
 1367              	.LASF4:
 1368 0199 6C6F6E67 		.ascii	"long int\000"
 1368      20696E74 
 1368      00
 1369              	.LASF0:
 1370 01a2 7369676E 		.ascii	"signed char\000"
 1370      65642063 
 1370      68617200 
 1371              	.LASF18:
 1372 01ae 47656E65 		.ascii	"Generated_Source\\PSoC5\\cymetadata.c\000"
 1372      72617465 
 1372      645F536F 
 1372      75726365 
 1372      5C50536F 
 1373              		.ident	"GCC: (GNU Tools for ARM Embedded Processors) 5.4.1 20160609 (release) [ARM/embedded-5-bran
